{
  "RSpec": {
    "coverage": {
      "/Users/charliepepiteozer/Desktop/Dev/la_boutique_des_nouveaux_designs/spec/models/shop_spec.rb": {
        "lines": [
          1,
          null,
          1,
          6,
          null,
          1,
          1,
          1,
          null,
          null,
          null,
          1,
          1,
          1,
          null,
          null,
          1,
          1,
          1,
          null,
          null,
          1,
          null,
          null,
          null,
          null,
          1,
          1,
          1,
          null,
          null,
          1,
          1,
          null,
          null,
          null,
          null,
          null,
          null,
          null,
          null,
          null
        ]
      },
      "/Users/charliepepiteozer/Desktop/Dev/la_boutique_des_nouveaux_designs/spec/rails_helper.rb": {
        "lines": [
          null,
          1,
          1,
          1,
          null,
          1,
          1,
          null,
          null,
          null,
          null,
          null,
          null,
          null,
          null,
          null,
          null,
          null,
          null,
          null,
          null,
          null,
          null,
          null,
          null,
          null,
          null,
          1,
          null,
          0,
          0,
          null,
          1,
          null,
          1,
          null,
          null,
          null,
          null,
          1,
          null,
          null,
          null,
          null,
          null,
          null,
          null,
          null,
          null,
          null,
          null,
          null,
          null,
          null,
          null,
          null,
          null,
          1,
          null,
          null,
          1,
          null,
          null,
          null,
          1,
          null,
          1,
          1,
          1,
          null,
          null,
          1,
          6,
          6,
          null,
          null,
          null,
          null,
          1,
          1,
          1,
          1,
          null,
          null
        ]
      },
      "/Users/charliepepiteozer/Desktop/Dev/la_boutique_des_nouveaux_designs/config/environment.rb": {
        "lines": [
          null,
          1,
          null,
          null,
          1
        ]
      },
      "/Users/charliepepiteozer/Desktop/Dev/la_boutique_des_nouveaux_designs/config/application.rb": {
        "lines": [
          1,
          null,
          1,
          null,
          null,
          null,
          1,
          null,
          1,
          1,
          null,
          1,
          1,
          null,
          null,
          null,
          null,
          1,
          null,
          1,
          1,
          null,
          null
        ]
      },
      "/Users/charliepepiteozer/Desktop/Dev/la_boutique_des_nouveaux_designs/config/boot.rb": {
        "lines": [
          1,
          null,
          1,
          1
        ]
      },
      "/Users/charliepepiteozer/Desktop/Dev/la_boutique_des_nouveaux_designs/config/spring.rb": {
        "lines": [
          1,
          null,
          null,
          null,
          null,
          null
        ]
      },
      "/Users/charliepepiteozer/Desktop/Dev/la_boutique_des_nouveaux_designs/config/environments/test.rb": {
        "lines": [
          null,
          null,
          null,
          null,
          null,
          1,
          null,
          null,
          1,
          null,
          null,
          null,
          null,
          1,
          null,
          null,
          1,
          1,
          null,
          null,
          null,
          null,
          1,
          1,
          1,
          null,
          null,
          1,
          null,
          null,
          1,
          null,
          null,
          1,
          null,
          1,
          null,
          null,
          null,
          null,
          1,
          null,
          null,
          1,
          null,
          null,
          null,
          1,
          null
        ]
      },
      "/Users/charliepepiteozer/Desktop/Dev/la_boutique_des_nouveaux_designs/config/initializers/application_controller_renderer.rb": {
        "lines": [
          null,
          null,
          null,
          null,
          null,
          null,
          null,
          null
        ]
      },
      "/Users/charliepepiteozer/Desktop/Dev/la_boutique_des_nouveaux_designs/config/initializers/assets.rb": {
        "lines": [
          null,
          null,
          null,
          1,
          null,
          null,
          null,
          null,
          1,
          null,
          1,
          1,
          1,
          null,
          null,
          null,
          null,
          null
        ]
      },
      "/Users/charliepepiteozer/Desktop/Dev/la_boutique_des_nouveaux_designs/config/initializers/backtrace_silencers.rb": {
        "lines": [
          null,
          null,
          null,
          null,
          null,
          null,
          null
        ]
      },
      "/Users/charliepepiteozer/Desktop/Dev/la_boutique_des_nouveaux_designs/config/initializers/content_security_policy.rb": {
        "lines": [
          null,
          null,
          null,
          null,
          null,
          null,
          null,
          null,
          null,
          null,
          null,
          null,
          null,
          null,
          null,
          null,
          null,
          null,
          null,
          null,
          null,
          null,
          null,
          null,
          null,
          null,
          null,
          null,
          null,
          null
        ]
      },
      "/Users/charliepepiteozer/Desktop/Dev/la_boutique_des_nouveaux_designs/config/initializers/cookies_serializer.rb": {
        "lines": [
          null,
          null,
          null,
          null,
          1
        ]
      },
      "/Users/charliepepiteozer/Desktop/Dev/la_boutique_des_nouveaux_designs/config/initializers/devise.rb": {
        "lines": [
          null,
          null,
          null,
          null,
          1,
          null,
          null,
          null,
          null,
          null,
          null,
          null,
          null,
          null,
          null,
          null,
          null,
          null,
          null,
          null,
          1,
          null,
          null,
          null,
          null,
          null,
          null,
          null,
          null,
          null,
          null,
          null,
          1,
          null,
          null,
          null,
          null,
          null,
          null,
          null,
          null,
          null,
          null,
          null,
          null,
          null,
          null,
          null,
          null,
          null,
          null,
          null,
          null,
          null,
          1,
          null,
          null,
          null,
          null,
          1,
          null,
          null,
          null,
          null,
          null,
          null,
          null,
          null,
          null,
          null,
          null,
          null,
          null,
          null,
          null,
          null,
          null,
          null,
          null,
          null,
          null,
          null,
          null,
          null,
          null,
          null,
          null,
          null,
          null,
          null,
          1,
          null,
          null,
          null,
          null,
          null,
          null,
          null,
          null,
          null,
          null,
          null,
          null,
          null,
          null,
          null,
          null,
          null,
          null,
          null,
          null,
          null,
          null,
          1,
          null,
          null,
          null,
          null,
          null,
          null,
          null,
          null,
          null,
          null,
          null,
          null,
          null,
          null,
          null,
          null,
          null,
          null,
          null,
          null,
          null,
          null,
          null,
          null,
          null,
          null,
          null,
          null,
          null,
          null,
          null,
          null,
          null,
          1,
          null,
          null,
          null,
          null,
          null,
          null,
          null,
          null,
          null,
          1,
          null,
          null,
          null,
          null,
          null,
          null,
          null,
          null,
          null,
          null,
          1,
          null,
          null,
          null,
          null,
          1,
          null,
          null,
          null,
          null,
          null,
          null,
          null,
          null,
          null,
          null,
          null,
          null,
          null,
          null,
          null,
          null,
          null,
          null,
          null,
          null,
          null,
          null,
          null,
          null,
          null,
          null,
          null,
          null,
          null,
          null,
          null,
          null,
          null,
          null,
          null,
          null,
          null,
          null,
          null,
          null,
          1,
          null,
          null,
          null,
          null,
          null,
          null,
          null,
          null,
          null,
          null,
          null,
          null,
          null,
          null,
          null,
          null,
          null,
          null,
          null,
          null,
          null,
          null,
          null,
          null,
          null,
          null,
          null,
          null,
          null,
          null,
          null,
          null,
          null,
          null,
          null,
          null,
          null,
          null,
          null,
          null,
          null,
          1,
          null,
          null,
          null,
          null,
          null,
          null,
          null,
          null,
          null,
          null,
          null,
          null,
          null,
          null,
          null,
          null,
          null,
          null,
          null,
          null,
          null,
          null,
          null,
          null,
          null,
          null,
          null,
          null,
          null,
          null,
          null,
          null,
          null,
          null,
          null,
          null,
          null,
          null,
          null,
          null,
          null,
          null
        ]
      },
      "/Users/charliepepiteozer/Desktop/Dev/la_boutique_des_nouveaux_designs/config/initializers/filter_parameter_logging.rb": {
        "lines": [
          null,
          null,
          null,
          1
        ]
      },
      "/Users/charliepepiteozer/Desktop/Dev/la_boutique_des_nouveaux_designs/config/initializers/inflections.rb": {
        "lines": [
          null,
          null,
          null,
          null,
          null,
          null,
          null,
          null,
          null,
          null,
          null,
          null,
          null,
          null,
          null,
          null
        ]
      },
      "/Users/charliepepiteozer/Desktop/Dev/la_boutique_des_nouveaux_designs/config/initializers/mailjet.rb": {
        "lines": [
          1,
          1,
          1,
          1,
          1,
          null
        ]
      },
      "/Users/charliepepiteozer/Desktop/Dev/la_boutique_des_nouveaux_designs/config/initializers/mime_types.rb": {
        "lines": [
          null,
          null,
          null,
          null
        ]
      },
      "/Users/charliepepiteozer/Desktop/Dev/la_boutique_des_nouveaux_designs/config/initializers/shrine.rb": {
        "lines": [
          1,
          null,
          1,
          0,
          0,
          null,
          null,
          null,
          1,
          1,
          1,
          null,
          null,
          null,
          null,
          0,
          null,
          0,
          null,
          null,
          null,
          null,
          null,
          0,
          null,
          null,
          null,
          null,
          null,
          1,
          1,
          1
        ]
      },
      "/Users/charliepepiteozer/Desktop/Dev/la_boutique_des_nouveaux_designs/config/initializers/stripe.rb": {
        "lines": [
          1,
          null,
          null,
          null,
          null,
          1
        ]
      },
      "/Users/charliepepiteozer/Desktop/Dev/la_boutique_des_nouveaux_designs/config/initializers/wrap_parameters.rb": {
        "lines": [
          null,
          null,
          null,
          null,
          null,
          null,
          1,
          2,
          null,
          null,
          null,
          null,
          null,
          null
        ]
      },
      "/Users/charliepepiteozer/Desktop/Dev/la_boutique_des_nouveaux_designs/spec/factories/addresses.rb": {
        "lines": [
          1,
          1,
          1,
          1,
          1,
          1,
          1,
          1,
          1,
          null,
          null
        ]
      },
      "/Users/charliepepiteozer/Desktop/Dev/la_boutique_des_nouveaux_designs/spec/factories/admins.rb": {
        "lines": [
          1,
          1,
          1,
          null,
          null
        ]
      },
      "/Users/charliepepiteozer/Desktop/Dev/la_boutique_des_nouveaux_designs/spec/factories/cart_items.rb": {
        "lines": [
          1,
          1,
          1,
          1,
          1,
          null,
          null
        ]
      },
      "/Users/charliepepiteozer/Desktop/Dev/la_boutique_des_nouveaux_designs/spec/factories/carts.rb": {
        "lines": [
          1,
          1,
          1,
          null,
          null
        ]
      },
      "/Users/charliepepiteozer/Desktop/Dev/la_boutique_des_nouveaux_designs/spec/factories/categories.rb": {
        "lines": [
          1,
          1,
          1,
          null,
          1,
          1,
          1,
          1,
          null,
          null,
          1,
          0,
          0,
          null,
          null,
          null,
          null
        ]
      },
      "/Users/charliepepiteozer/Desktop/Dev/la_boutique_des_nouveaux_designs/spec/factories/item_categories.rb": {
        "lines": [
          1,
          1,
          1,
          1,
          null,
          null
        ]
      },
      "/Users/charliepepiteozer/Desktop/Dev/la_boutique_des_nouveaux_designs/spec/factories/item_pictures.rb": {
        "lines": [
          1,
          1,
          null,
          1,
          1,
          1,
          1,
          null,
          null
        ]
      },
      "/Users/charliepepiteozer/Desktop/Dev/la_boutique_des_nouveaux_designs/spec/support/shrine_helpers.rb": {
        "lines": [
          1,
          1,
          null,
          1,
          10,
          10,
          10,
          null,
          null,
          1,
          10,
          null,
          null,
          10,
          10,
          null,
          null,
          null,
          null,
          null,
          10,
          null,
          null
        ]
      },
      "/Users/charliepepiteozer/Desktop/Dev/la_boutique_des_nouveaux_designs/spec/factories/items.rb": {
        "lines": [
          1,
          1,
          1,
          1,
          1,
          1,
          1,
          1,
          null,
          1,
          1,
          1,
          null,
          null,
          1,
          0,
          0,
          null,
          null,
          null,
          null
        ]
      },
      "/Users/charliepepiteozer/Desktop/Dev/la_boutique_des_nouveaux_designs/spec/factories/shops.rb": {
        "lines": [
          1,
          null,
          1,
          1,
          11,
          11,
          11,
          11,
          11,
          11,
          1,
          1,
          null,
          null
        ]
      },
      "/Users/charliepepiteozer/Desktop/Dev/la_boutique_des_nouveaux_designs/spec/factories/users.rb": {
        "lines": [
          1,
          1,
          6,
          6,
          6,
          1,
          null,
          1,
          6,
          null,
          1,
          5,
          null,
          null,
          null,
          null,
          null,
          1,
          0,
          0,
          0,
          null,
          null,
          null,
          null,
          null,
          null,
          null,
          null,
          null,
          1,
          0,
          0,
          null,
          null,
          null,
          null,
          null,
          null,
          null
        ]
      },
      "/Users/charliepepiteozer/Desktop/Dev/la_boutique_des_nouveaux_designs/config/routes.rb": {
        "lines": [
          1,
          1,
          1,
          1,
          1,
          1,
          1,
          1,
          1,
          null,
          1,
          1,
          null,
          1,
          null,
          1,
          1,
          1,
          null,
          null,
          1,
          1,
          1,
          1,
          1,
          1,
          1,
          1,
          null
        ]
      },
      "/Users/charliepepiteozer/Desktop/Dev/la_boutique_des_nouveaux_designs/app/models/user.rb": {
        "lines": [
          1,
          1,
          null,
          null,
          1,
          null,
          null,
          1,
          1,
          1,
          1,
          1,
          null,
          1,
          0,
          null,
          null,
          1,
          null,
          1,
          0,
          null,
          null,
          1,
          5,
          null,
          null
        ]
      },
      "/Users/charliepepiteozer/Desktop/Dev/la_boutique_des_nouveaux_designs/app/models/application_record.rb": {
        "lines": [
          1,
          1,
          null
        ]
      },
      "/Users/charliepepiteozer/Desktop/Dev/la_boutique_des_nouveaux_designs/app/helpers/addresses_helper.rb": {
        "lines": [
          1,
          null
        ]
      },
      "/Users/charliepepiteozer/Desktop/Dev/la_boutique_des_nouveaux_designs/app/helpers/application_helper.rb": {
        "lines": [
          1,
          1,
          0,
          null,
          null,
          1,
          0,
          null,
          0,
          null,
          0,
          null,
          0,
          null,
          0,
          null,
          0,
          null,
          null,
          null,
          1,
          0,
          0,
          null,
          null,
          1,
          0,
          0,
          null,
          null,
          1,
          0,
          null,
          0,
          null,
          0,
          null,
          0,
          null,
          0,
          null,
          0,
          null,
          0,
          null,
          0,
          null,
          0,
          null,
          0,
          null,
          null,
          null,
          1,
          0,
          null,
          0,
          null,
          0,
          null,
          0,
          null,
          0,
          null,
          0,
          null,
          0,
          null,
          0,
          null,
          0,
          null,
          0,
          null,
          0,
          null,
          0,
          null,
          0,
          null,
          0,
          null,
          null,
          null,
          null
        ]
      },
      "/Users/charliepepiteozer/Desktop/Dev/la_boutique_des_nouveaux_designs/app/helpers/cart_items_helper.rb": {
        "lines": [
          1,
          null
        ]
      },
      "/Users/charliepepiteozer/Desktop/Dev/la_boutique_des_nouveaux_designs/app/helpers/carts_helper.rb": {
        "lines": [
          1,
          null
        ]
      },
      "/Users/charliepepiteozer/Desktop/Dev/la_boutique_des_nouveaux_designs/app/helpers/categories_helper.rb": {
        "lines": [
          1,
          null
        ]
      },
      "/Users/charliepepiteozer/Desktop/Dev/la_boutique_des_nouveaux_designs/app/helpers/devise_helper.rb": {
        "lines": [
          1,
          1,
          0,
          null,
          0,
          0,
          null,
          null,
          null,
          null,
          null,
          null,
          null,
          null,
          null,
          null,
          null,
          0,
          null,
          null
        ]
      },
      "/Users/charliepepiteozer/Desktop/Dev/la_boutique_des_nouveaux_designs/app/helpers/errors_helper.rb": {
        "lines": [
          1,
          null
        ]
      },
      "/Users/charliepepiteozer/Desktop/Dev/la_boutique_des_nouveaux_designs/app/helpers/items_helper.rb": {
        "lines": [
          1,
          null
        ]
      },
      "/Users/charliepepiteozer/Desktop/Dev/la_boutique_des_nouveaux_designs/app/helpers/order_items_helper.rb": {
        "lines": [
          1,
          null
        ]
      },
      "/Users/charliepepiteozer/Desktop/Dev/la_boutique_des_nouveaux_designs/app/helpers/orders_helper.rb": {
        "lines": [
          1,
          null
        ]
      },
      "/Users/charliepepiteozer/Desktop/Dev/la_boutique_des_nouveaux_designs/app/helpers/shops_helper.rb": {
        "lines": [
          1,
          1,
          0,
          0,
          0,
          0,
          null,
          0,
          null,
          null
        ]
      },
      "/Users/charliepepiteozer/Desktop/Dev/la_boutique_des_nouveaux_designs/app/helpers/static_pages_helper.rb": {
        "lines": [
          1,
          null
        ]
      },
      "/Users/charliepepiteozer/Desktop/Dev/la_boutique_des_nouveaux_designs/app/helpers/stripe_helper.rb": {
        "lines": [
          1,
          null
        ]
      },
      "/Users/charliepepiteozer/Desktop/Dev/la_boutique_des_nouveaux_designs/app/helpers/users_helper.rb": {
        "lines": [
          1,
          null
        ]
      },
      "/Users/charliepepiteozer/Desktop/Dev/la_boutique_des_nouveaux_designs/app/models/shop.rb": {
        "lines": [
          1,
          1,
          null,
          1,
          1,
          1,
          1,
          1,
          1,
          1,
          null,
          1,
          1,
          1,
          null,
          1,
          1,
          1,
          null,
          0,
          null,
          null,
          null,
          1,
          1,
          null,
          null,
          1,
          3,
          null,
          null,
          1,
          1,
          1,
          null,
          1,
          1,
          1,
          1,
          null,
          null,
          null,
          null,
          null,
          1,
          1,
          1,
          1,
          null,
          1,
          1,
          null,
          null,
          1,
          0,
          0,
          0,
          0,
          0,
          null,
          null,
          0,
          null,
          null,
          1,
          null,
          null,
          1,
          null,
          1,
          0,
          null,
          null
        ]
      },
      "/Users/charliepepiteozer/Desktop/Dev/la_boutique_des_nouveaux_designs/app/uploaders/image_uploader.rb": {
        "lines": [
          1,
          null,
          1,
          1,
          1,
          1,
          1,
          1,
          1,
          1,
          null,
          1,
          0,
          0,
          0,
          null,
          null,
          1,
          0,
          0,
          null,
          0,
          0,
          0,
          null,
          0,
          0,
          0,
          0,
          0,
          0,
          0,
          null,
          null,
          1,
          0,
          null,
          0,
          0,
          null,
          0,
          null,
          null,
          0,
          null,
          null,
          null
        ]
      },
      "/Users/charliepepiteozer/Desktop/Dev/la_boutique_des_nouveaux_designs/app/models/address.rb": {
        "lines": [
          1,
          1,
          1,
          1,
          1,
          1,
          null,
          1,
          1,
          null
        ]
      },
      "/Users/charliepepiteozer/Desktop/Dev/la_boutique_des_nouveaux_designs/app/models/cart.rb": {
        "lines": [
          1,
          1,
          1,
          1,
          null,
          1,
          0,
          0,
          0,
          0,
          null,
          null,
          0,
          null,
          null,
          1,
          0,
          null,
          null,
          1,
          0,
          0,
          0,
          null,
          0,
          null,
          null,
          1,
          0,
          0,
          0,
          null,
          0,
          null,
          null
        ]
      }
    },
    "timestamp": 1630082087
  }
}
