{
  "RSpec": {
    "coverage": {
      "/Users/charliepepiteozer/Desktop/Dev/la_boutique_des_nouveaux_designs/spec/helpers/application_helper_spec.rb": {
        "lines": [
          1,
          null,
          1,
          1,
          1,
          1,
          1,
          1,
          1,
          null,
          null,
          1,
          1,
          1,
          1,
          1,
          1,
          1,
          1,
          1,
          1,
          1,
          1,
          1,
          1,
          null,
          null,
          1,
          1,
          null,
          1,
          1,
          null,
          null
        ]
      },
      "/Users/charliepepiteozer/Desktop/Dev/la_boutique_des_nouveaux_designs/spec/rails_helper.rb": {
        "lines": [
          null,
          1,
          1,
          1,
          null,
          1,
          1,
          null,
          null,
          null,
          null,
          null,
          null,
          null,
          null,
          null,
          null,
          null,
          null,
          null,
          null,
          null,
          null,
          null,
          null,
          null,
          null,
          1,
          null,
          0,
          0,
          null,
          1,
          null,
          1,
          null,
          null,
          null,
          null,
          1,
          null,
          null,
          null,
          null,
          null,
          null,
          null,
          null,
          null,
          null,
          null,
          null,
          null,
          null,
          null,
          null,
          null,
          1,
          null,
          null,
          1,
          null,
          null,
          null,
          1,
          null,
          1,
          1,
          1,
          null,
          null,
          1,
          43,
          43,
          null,
          null,
          null,
          null,
          1,
          1,
          1,
          1,
          null,
          null
        ]
      },
      "/Users/charliepepiteozer/Desktop/Dev/la_boutique_des_nouveaux_designs/config/environment.rb": {
        "lines": [
          null,
          1,
          null,
          null,
          1
        ]
      },
      "/Users/charliepepiteozer/Desktop/Dev/la_boutique_des_nouveaux_designs/config/application.rb": {
        "lines": [
          1,
          null,
          1,
          null,
          null,
          null,
          1,
          null,
          1,
          1,
          null,
          1,
          1,
          null,
          null,
          null,
          null,
          1,
          null,
          1,
          1,
          null,
          null
        ]
      },
      "/Users/charliepepiteozer/Desktop/Dev/la_boutique_des_nouveaux_designs/config/boot.rb": {
        "lines": [
          1,
          null,
          1,
          1
        ]
      },
      "/Users/charliepepiteozer/Desktop/Dev/la_boutique_des_nouveaux_designs/config/spring.rb": {
        "lines": [
          1,
          null,
          null,
          null,
          null,
          null
        ]
      },
      "/Users/charliepepiteozer/Desktop/Dev/la_boutique_des_nouveaux_designs/config/environments/test.rb": {
        "lines": [
          null,
          null,
          null,
          null,
          null,
          1,
          null,
          null,
          1,
          null,
          null,
          null,
          null,
          1,
          null,
          null,
          1,
          1,
          null,
          null,
          null,
          null,
          1,
          1,
          1,
          null,
          null,
          1,
          null,
          null,
          1,
          null,
          null,
          1,
          null,
          1,
          null,
          null,
          null,
          null,
          1,
          null,
          null,
          1,
          null,
          null,
          null,
          1,
          null
        ]
      },
      "/Users/charliepepiteozer/Desktop/Dev/la_boutique_des_nouveaux_designs/config/initializers/application_controller_renderer.rb": {
        "lines": [
          null,
          null,
          null,
          null,
          null,
          null,
          null,
          null
        ]
      },
      "/Users/charliepepiteozer/Desktop/Dev/la_boutique_des_nouveaux_designs/config/initializers/assets.rb": {
        "lines": [
          null,
          null,
          null,
          1,
          null,
          null,
          null,
          null,
          1,
          null,
          1,
          1,
          1,
          null,
          null,
          null,
          null,
          null
        ]
      },
      "/Users/charliepepiteozer/Desktop/Dev/la_boutique_des_nouveaux_designs/config/initializers/backtrace_silencers.rb": {
        "lines": [
          null,
          null,
          null,
          null,
          null,
          null,
          null
        ]
      },
      "/Users/charliepepiteozer/Desktop/Dev/la_boutique_des_nouveaux_designs/config/initializers/content_security_policy.rb": {
        "lines": [
          null,
          null,
          null,
          null,
          null,
          null,
          null,
          null,
          null,
          null,
          null,
          null,
          null,
          null,
          null,
          null,
          null,
          null,
          null,
          null,
          null,
          null,
          null,
          null,
          null,
          null,
          null,
          null,
          null,
          null
        ]
      },
      "/Users/charliepepiteozer/Desktop/Dev/la_boutique_des_nouveaux_designs/config/initializers/cookies_serializer.rb": {
        "lines": [
          null,
          null,
          null,
          null,
          1
        ]
      },
      "/Users/charliepepiteozer/Desktop/Dev/la_boutique_des_nouveaux_designs/config/initializers/devise.rb": {
        "lines": [
          null,
          null,
          null,
          null,
          1,
          null,
          null,
          null,
          null,
          null,
          null,
          null,
          null,
          null,
          null,
          null,
          null,
          null,
          null,
          null,
          1,
          null,
          null,
          null,
          null,
          null,
          null,
          null,
          null,
          null,
          null,
          null,
          1,
          null,
          null,
          null,
          null,
          null,
          null,
          null,
          null,
          null,
          null,
          null,
          null,
          null,
          null,
          null,
          null,
          null,
          null,
          null,
          null,
          null,
          1,
          null,
          null,
          null,
          null,
          1,
          null,
          null,
          null,
          null,
          null,
          null,
          null,
          null,
          null,
          null,
          null,
          null,
          null,
          null,
          null,
          null,
          null,
          null,
          null,
          null,
          null,
          null,
          null,
          null,
          null,
          null,
          null,
          null,
          null,
          null,
          1,
          null,
          null,
          null,
          null,
          null,
          null,
          null,
          null,
          null,
          null,
          null,
          null,
          null,
          null,
          null,
          null,
          null,
          null,
          null,
          null,
          null,
          null,
          1,
          null,
          null,
          null,
          null,
          null,
          null,
          null,
          null,
          null,
          null,
          null,
          null,
          null,
          null,
          null,
          null,
          null,
          null,
          null,
          null,
          null,
          null,
          null,
          null,
          null,
          null,
          null,
          null,
          null,
          null,
          null,
          null,
          null,
          1,
          null,
          null,
          null,
          null,
          null,
          null,
          null,
          null,
          null,
          1,
          null,
          null,
          null,
          null,
          null,
          null,
          null,
          null,
          null,
          null,
          1,
          null,
          null,
          null,
          null,
          1,
          null,
          null,
          null,
          null,
          null,
          null,
          null,
          null,
          null,
          null,
          null,
          null,
          null,
          null,
          null,
          null,
          null,
          null,
          null,
          null,
          null,
          null,
          null,
          null,
          null,
          null,
          null,
          null,
          null,
          null,
          null,
          null,
          null,
          null,
          null,
          null,
          null,
          null,
          null,
          null,
          1,
          null,
          null,
          null,
          null,
          null,
          null,
          null,
          null,
          null,
          null,
          null,
          null,
          null,
          null,
          null,
          null,
          null,
          null,
          null,
          null,
          null,
          null,
          null,
          null,
          null,
          null,
          null,
          null,
          null,
          null,
          null,
          null,
          null,
          null,
          null,
          null,
          null,
          null,
          null,
          null,
          null,
          1,
          null,
          null,
          null,
          null,
          null,
          null,
          null,
          null,
          null,
          null,
          null,
          null,
          null,
          null,
          null,
          null,
          null,
          null,
          null,
          null,
          null,
          null,
          null,
          null,
          null,
          null,
          null,
          null,
          null,
          null,
          null,
          null,
          null,
          null,
          null,
          null,
          null,
          null,
          null,
          null,
          null,
          null
        ]
      },
      "/Users/charliepepiteozer/Desktop/Dev/la_boutique_des_nouveaux_designs/config/initializers/filter_parameter_logging.rb": {
        "lines": [
          null,
          null,
          null,
          1
        ]
      },
      "/Users/charliepepiteozer/Desktop/Dev/la_boutique_des_nouveaux_designs/config/initializers/inflections.rb": {
        "lines": [
          null,
          null,
          null,
          null,
          null,
          null,
          null,
          null,
          null,
          null,
          null,
          null,
          null,
          null,
          null,
          null
        ]
      },
      "/Users/charliepepiteozer/Desktop/Dev/la_boutique_des_nouveaux_designs/config/initializers/mailjet.rb": {
        "lines": [
          1,
          1,
          1,
          1,
          1,
          null
        ]
      },
      "/Users/charliepepiteozer/Desktop/Dev/la_boutique_des_nouveaux_designs/config/initializers/mime_types.rb": {
        "lines": [
          null,
          null,
          null,
          null
        ]
      },
      "/Users/charliepepiteozer/Desktop/Dev/la_boutique_des_nouveaux_designs/config/initializers/shrine.rb": {
        "lines": [
          1,
          null,
          1,
          0,
          0,
          null,
          null,
          null,
          1,
          1,
          1,
          null,
          null,
          null,
          null,
          0,
          null,
          0,
          null,
          null,
          null,
          null,
          null,
          0,
          null,
          null,
          null,
          null,
          null,
          1,
          1,
          1
        ]
      },
      "/Users/charliepepiteozer/Desktop/Dev/la_boutique_des_nouveaux_designs/config/initializers/stripe.rb": {
        "lines": [
          1,
          null,
          null,
          null,
          null,
          1
        ]
      },
      "/Users/charliepepiteozer/Desktop/Dev/la_boutique_des_nouveaux_designs/config/initializers/wrap_parameters.rb": {
        "lines": [
          null,
          null,
          null,
          null,
          null,
          null,
          1,
          2,
          null,
          null,
          null,
          null,
          null,
          null
        ]
      },
      "/Users/charliepepiteozer/Desktop/Dev/la_boutique_des_nouveaux_designs/spec/factories/addresses.rb": {
        "lines": [
          1,
          1,
          9,
          9,
          9,
          9,
          9,
          9,
          1,
          null,
          null
        ]
      },
      "/Users/charliepepiteozer/Desktop/Dev/la_boutique_des_nouveaux_designs/spec/factories/admins.rb": {
        "lines": [
          1,
          1,
          1,
          null,
          null
        ]
      },
      "/Users/charliepepiteozer/Desktop/Dev/la_boutique_des_nouveaux_designs/spec/factories/cart_items.rb": {
        "lines": [
          1,
          1,
          1,
          1,
          1,
          null,
          null
        ]
      },
      "/Users/charliepepiteozer/Desktop/Dev/la_boutique_des_nouveaux_designs/spec/factories/carts.rb": {
        "lines": [
          1,
          1,
          1,
          null,
          null
        ]
      },
      "/Users/charliepepiteozer/Desktop/Dev/la_boutique_des_nouveaux_designs/spec/factories/categories.rb": {
        "lines": [
          1,
          1,
          96,
          null,
          1,
          1,
          1,
          1,
          null,
          null,
          1,
          3,
          3,
          null,
          null,
          null,
          null
        ]
      },
      "/Users/charliepepiteozer/Desktop/Dev/la_boutique_des_nouveaux_designs/spec/factories/item_categories.rb": {
        "lines": [
          1,
          1,
          1,
          1,
          null,
          null
        ]
      },
      "/Users/charliepepiteozer/Desktop/Dev/la_boutique_des_nouveaux_designs/spec/factories/item_pictures.rb": {
        "lines": [
          1,
          1,
          null,
          1,
          1,
          22,
          1,
          null,
          null
        ]
      },
      "/Users/charliepepiteozer/Desktop/Dev/la_boutique_des_nouveaux_designs/spec/support/shrine_helpers.rb": {
        "lines": [
          1,
          1,
          null,
          1,
          82,
          82,
          82,
          null,
          null,
          1,
          82,
          null,
          null,
          82,
          82,
          null,
          null,
          null,
          null,
          null,
          82,
          null,
          null
        ]
      },
      "/Users/charliepepiteozer/Desktop/Dev/la_boutique_des_nouveaux_designs/spec/factories/items.rb": {
        "lines": [
          1,
          1,
          54,
          54,
          54,
          54,
          22,
          1,
          null,
          1,
          1,
          3,
          null,
          null,
          1,
          3,
          2,
          null,
          null,
          null,
          null
        ]
      },
      "/Users/charliepepiteozer/Desktop/Dev/la_boutique_des_nouveaux_designs/spec/factories/shops.rb": {
        "lines": [
          1,
          null,
          1,
          1,
          62,
          62,
          62,
          62,
          62,
          62,
          1,
          1,
          null,
          null
        ]
      },
      "/Users/charliepepiteozer/Desktop/Dev/la_boutique_des_nouveaux_designs/spec/factories/users.rb": {
        "lines": [
          1,
          1,
          24,
          49,
          49,
          15,
          null,
          1,
          35,
          null,
          1,
          34,
          null,
          null,
          null,
          null,
          null,
          1,
          18,
          18,
          18,
          null,
          null,
          null,
          null,
          null,
          null,
          null,
          null,
          null,
          1,
          9,
          9,
          null,
          null,
          null,
          null,
          null,
          null,
          null
        ]
      },
      "/Users/charliepepiteozer/Desktop/Dev/la_boutique_des_nouveaux_designs/config/routes.rb": {
        "lines": [
          1,
          1,
          1,
          1,
          1,
          1,
          1,
          1,
          1,
          null,
          1,
          1,
          null,
          1,
          null,
          1,
          1,
          1,
          null,
          null,
          1,
          1,
          1,
          1,
          1,
          1,
          1,
          1,
          null
        ]
      },
      "/Users/charliepepiteozer/Desktop/Dev/la_boutique_des_nouveaux_designs/app/models/user.rb": {
        "lines": [
          1,
          1,
          null,
          null,
          1,
          null,
          null,
          1,
          1,
          1,
          1,
          1,
          null,
          1,
          0,
          0,
          null,
          0,
          0,
          0,
          0,
          null,
          null,
          null,
          null,
          null,
          0,
          0,
          0,
          0,
          null,
          0,
          0,
          null,
          null,
          0,
          0,
          0,
          0,
          0,
          0,
          null,
          null,
          0,
          null,
          null,
          0,
          null,
          null,
          1,
          6,
          null,
          null,
          1,
          null,
          1,
          0,
          null,
          null,
          1,
          45,
          null,
          null
        ]
      },
      "/Users/charliepepiteozer/Desktop/Dev/la_boutique_des_nouveaux_designs/app/models/application_record.rb": {
        "lines": [
          1,
          1,
          null
        ]
      },
      "/Users/charliepepiteozer/Desktop/Dev/la_boutique_des_nouveaux_designs/app/helpers/addresses_helper.rb": {
        "lines": [
          1,
          null
        ]
      },
      "/Users/charliepepiteozer/Desktop/Dev/la_boutique_des_nouveaux_designs/app/helpers/application_helper.rb": {
        "lines": [
          1,
          1,
          2,
          null,
          null,
          1,
          5,
          null,
          1,
          null,
          1,
          null,
          1,
          null,
          1,
          null,
          1,
          null,
          null,
          null,
          1,
          1,
          1,
          null,
          null,
          1,
          1,
          1,
          null,
          null,
          1,
          0,
          null,
          0,
          null,
          0,
          null,
          0,
          null,
          0,
          null,
          0,
          null,
          0,
          null,
          0,
          null,
          0,
          null,
          0,
          null,
          null,
          null,
          1,
          13,
          null,
          1,
          null,
          1,
          null,
          1,
          null,
          1,
          null,
          1,
          null,
          1,
          null,
          1,
          null,
          1,
          null,
          1,
          null,
          1,
          null,
          1,
          null,
          1,
          null,
          1,
          null,
          null,
          null,
          null
        ]
      },
      "/Users/charliepepiteozer/Desktop/Dev/la_boutique_des_nouveaux_designs/app/helpers/cart_items_helper.rb": {
        "lines": [
          1,
          null
        ]
      },
      "/Users/charliepepiteozer/Desktop/Dev/la_boutique_des_nouveaux_designs/app/helpers/carts_helper.rb": {
        "lines": [
          1,
          null
        ]
      },
      "/Users/charliepepiteozer/Desktop/Dev/la_boutique_des_nouveaux_designs/app/helpers/categories_helper.rb": {
        "lines": [
          1,
          null
        ]
      },
      "/Users/charliepepiteozer/Desktop/Dev/la_boutique_des_nouveaux_designs/app/helpers/devise_helper.rb": {
        "lines": [
          1,
          1,
          0,
          null,
          0,
          0,
          null,
          null,
          null,
          null,
          null,
          null,
          null,
          null,
          null,
          null,
          null,
          0,
          null,
          null
        ]
      },
      "/Users/charliepepiteozer/Desktop/Dev/la_boutique_des_nouveaux_designs/app/helpers/errors_helper.rb": {
        "lines": [
          1,
          null
        ]
      },
      "/Users/charliepepiteozer/Desktop/Dev/la_boutique_des_nouveaux_designs/app/helpers/items_helper.rb": {
        "lines": [
          1,
          null
        ]
      },
      "/Users/charliepepiteozer/Desktop/Dev/la_boutique_des_nouveaux_designs/app/helpers/order_items_helper.rb": {
        "lines": [
          1,
          null
        ]
      },
      "/Users/charliepepiteozer/Desktop/Dev/la_boutique_des_nouveaux_designs/app/helpers/orders_helper.rb": {
        "lines": [
          1,
          null
        ]
      },
      "/Users/charliepepiteozer/Desktop/Dev/la_boutique_des_nouveaux_designs/app/helpers/shops_helper.rb": {
        "lines": [
          1,
          1,
          0,
          0,
          0,
          0,
          null,
          0,
          null,
          null
        ]
      },
      "/Users/charliepepiteozer/Desktop/Dev/la_boutique_des_nouveaux_designs/app/helpers/static_pages_helper.rb": {
        "lines": [
          1,
          null
        ]
      },
      "/Users/charliepepiteozer/Desktop/Dev/la_boutique_des_nouveaux_designs/app/helpers/stripe_helper.rb": {
        "lines": [
          1,
          null
        ]
      },
      "/Users/charliepepiteozer/Desktop/Dev/la_boutique_des_nouveaux_designs/app/helpers/users_helper.rb": {
        "lines": [
          1,
          null
        ]
      },
      "/Users/charliepepiteozer/Desktop/Dev/la_boutique_des_nouveaux_designs/spec/helpers/errors_helper_spec.rb": {
        "lines": [
          1,
          null,
          null,
          null,
          null,
          null,
          null,
          null,
          null,
          null,
          null,
          null,
          1,
          1,
          null
        ]
      },
      "/Users/charliepepiteozer/Desktop/Dev/la_boutique_des_nouveaux_designs/spec/helpers/stripe_helper_spec.rb": {
        "lines": [
          1,
          null,
          null,
          null,
          null,
          null,
          null,
          null,
          null,
          null,
          null,
          null,
          1,
          1,
          null
        ]
      },
      "/Users/charliepepiteozer/Desktop/Dev/la_boutique_des_nouveaux_designs/spec/models/address_spec.rb": {
        "lines": [
          1,
          null,
          1,
          5,
          5,
          5,
          null,
          1,
          1,
          null,
          null,
          1,
          1,
          null,
          null,
          1,
          1,
          null,
          1,
          1,
          null,
          null,
          1,
          1,
          1,
          1,
          null,
          1,
          1,
          null,
          null,
          null
        ]
      },
      "/Users/charliepepiteozer/Desktop/Dev/la_boutique_des_nouveaux_designs/app/models/address.rb": {
        "lines": [
          1,
          1,
          1,
          1,
          1,
          1,
          null,
          1,
          1,
          null
        ]
      },
      "/Users/charliepepiteozer/Desktop/Dev/la_boutique_des_nouveaux_designs/spec/models/admin_spec.rb": {
        "lines": [
          1,
          null,
          1,
          3,
          3,
          null,
          1,
          1,
          null,
          null,
          1,
          1,
          null,
          null
        ]
      },
      "/Users/charliepepiteozer/Desktop/Dev/la_boutique_des_nouveaux_designs/app/models/admin.rb": {
        "lines": [
          1,
          1,
          null,
          1,
          null
        ]
      },
      "/Users/charliepepiteozer/Desktop/Dev/la_boutique_des_nouveaux_designs/spec/models/cart_item_spec.rb": {
        "lines": [
          1,
          null,
          1,
          5,
          5,
          5,
          null,
          1,
          1,
          null,
          null,
          1,
          1,
          1,
          1,
          null,
          null,
          1,
          1,
          null,
          1,
          4,
          null,
          null,
          1,
          1,
          null,
          1,
          1,
          null,
          null,
          null
        ]
      },
      "/Users/charliepepiteozer/Desktop/Dev/la_boutique_des_nouveaux_designs/app/models/cart_item.rb": {
        "lines": [
          1,
          1,
          1,
          null,
          1,
          4,
          3,
          3,
          null,
          1,
          null,
          null,
          null,
          1,
          2,
          1,
          1,
          null,
          1,
          null,
          null,
          null,
          1,
          2,
          null,
          null
        ]
      },
      "/Users/charliepepiteozer/Desktop/Dev/la_boutique_des_nouveaux_designs/spec/models/cart_spec.rb": {
        "lines": [
          1,
          null,
          1,
          5,
          5,
          5,
          null,
          1,
          1,
          1,
          null,
          null,
          1,
          1,
          1,
          1,
          null,
          null,
          1,
          1,
          1,
          null,
          null,
          1,
          1,
          1,
          null,
          null,
          null
        ]
      },
      "/Users/charliepepiteozer/Desktop/Dev/la_boutique_des_nouveaux_designs/app/models/cart.rb": {
        "lines": [
          1,
          1,
          1,
          1,
          null,
          1,
          2,
          2,
          2,
          2,
          null,
          null,
          2,
          null,
          null,
          1,
          4,
          null,
          null,
          1,
          2,
          2,
          2,
          null,
          2,
          null,
          null,
          1,
          0,
          0,
          0,
          null,
          0,
          null,
          null
        ]
      },
      "/Users/charliepepiteozer/Desktop/Dev/la_boutique_des_nouveaux_designs/spec/models/category_spec.rb": {
        "lines": [
          1,
          null,
          1,
          4,
          4,
          4,
          4,
          null,
          1,
          1,
          null,
          null,
          1,
          1,
          2,
          null,
          null,
          1,
          1,
          1,
          null,
          null,
          null
        ]
      },
      "/Users/charliepepiteozer/Desktop/Dev/la_boutique_des_nouveaux_designs/app/models/category.rb": {
        "lines": [
          1,
          1,
          1,
          null
        ]
      },
      "/Users/charliepepiteozer/Desktop/Dev/la_boutique_des_nouveaux_designs/spec/models/item_category_spec.rb": {
        "lines": [
          1,
          null,
          1,
          1,
          null
        ]
      },
      "/Users/charliepepiteozer/Desktop/Dev/la_boutique_des_nouveaux_designs/app/models/item_category.rb": {
        "lines": [
          1,
          1,
          1,
          null
        ]
      },
      "/Users/charliepepiteozer/Desktop/Dev/la_boutique_des_nouveaux_designs/spec/models/item_picture_spec.rb": {
        "lines": [
          1,
          null,
          1,
          3,
          3,
          2,
          null,
          1,
          1,
          null,
          null,
          1,
          2,
          null,
          null
        ]
      },
      "/Users/charliepepiteozer/Desktop/Dev/la_boutique_des_nouveaux_designs/app/models/item_picture.rb": {
        "lines": [
          1,
          1,
          null,
          1,
          1,
          null,
          1,
          null,
          null,
          1,
          22,
          22,
          1,
          null,
          null,
          null,
          null
        ]
      },
      "/Users/charliepepiteozer/Desktop/Dev/la_boutique_des_nouveaux_designs/app/uploaders/picture_uploader.rb": {
        "lines": [
          1,
          null,
          1,
          1,
          1,
          1,
          1,
          1,
          1,
          1,
          null,
          1,
          0,
          0,
          0,
          null,
          null,
          1,
          0,
          0,
          null,
          0,
          0,
          0,
          0,
          0,
          0,
          0,
          0,
          null,
          null,
          1,
          0,
          null,
          0,
          0,
          null,
          0,
          0,
          0,
          null,
          null,
          0,
          null,
          null,
          null
        ]
      },
      "/Users/charliepepiteozer/Desktop/Dev/la_boutique_des_nouveaux_designs/spec/models/item_spec.rb": {
        "lines": [
          1,
          null,
          1,
          11,
          11,
          2,
          10,
          2,
          null,
          1,
          1,
          null,
          null,
          1,
          1,
          1,
          1,
          null,
          null,
          1,
          1,
          1,
          null,
          null,
          1,
          1,
          null,
          null,
          null,
          1,
          1,
          1,
          null,
          null,
          1,
          1,
          1,
          null,
          null,
          null,
          1,
          1,
          1,
          null,
          null,
          1,
          1,
          4,
          null,
          null,
          1,
          1,
          1,
          1,
          1,
          1,
          1,
          1,
          null,
          null,
          null,
          1,
          1,
          2,
          2,
          null,
          null,
          null,
          null,
          null
        ]
      },
      "/Users/charliepepiteozer/Desktop/Dev/la_boutique_des_nouveaux_designs/app/models/item.rb": {
        "lines": [
          1,
          1,
          1,
          1,
          1,
          1,
          null,
          1,
          1,
          1,
          null,
          1,
          1,
          1,
          1,
          1,
          1,
          1,
          1,
          1,
          null,
          1,
          null,
          1,
          1,
          null,
          null,
          1,
          1,
          null,
          null,
          1,
          0,
          0,
          null,
          0,
          null,
          null,
          0,
          0,
          null,
          null,
          1,
          null,
          1,
          53,
          null,
          null,
          null,
          null,
          53,
          null,
          null,
          null,
          null,
          53,
          null,
          null,
          1,
          217,
          1,
          null,
          null,
          null,
          null,
          217,
          1,
          null,
          null,
          1,
          null,
          null,
          null,
          null,
          1,
          null,
          null,
          null,
          1,
          1,
          null,
          null,
          1,
          null,
          null,
          null,
          null
        ]
      },
      "/Users/charliepepiteozer/Desktop/Dev/la_boutique_des_nouveaux_designs/app/validators/no_attachments_validator.rb": {
        "lines": [
          1,
          1,
          109,
          0,
          null,
          null,
          null
        ]
      },
      "/Users/charliepepiteozer/Desktop/Dev/la_boutique_des_nouveaux_designs/spec/models/shop_spec.rb": {
        "lines": [
          1,
          null,
          1,
          5,
          null,
          1,
          1,
          1,
          null,
          null,
          null,
          1,
          1,
          1,
          null,
          null,
          1,
          1,
          1,
          null,
          null,
          1,
          null,
          null,
          null,
          null,
          1,
          1,
          1,
          null,
          null,
          null,
          null,
          null,
          null,
          null,
          null,
          null
        ]
      },
      "/Users/charliepepiteozer/Desktop/Dev/la_boutique_des_nouveaux_designs/app/models/shop.rb": {
        "lines": [
          1,
          1,
          null,
          1,
          1,
          1,
          1,
          1,
          1,
          1,
          null,
          1,
          1,
          1,
          null,
          1,
          1,
          1,
          null,
          0,
          null,
          null,
          null,
          1,
          1,
          null,
          null,
          1,
          2,
          null,
          null,
          1,
          null,
          1,
          1,
          null,
          null
        ]
      },
      "/Users/charliepepiteozer/Desktop/Dev/la_boutique_des_nouveaux_designs/app/uploaders/image_uploader.rb": {
        "lines": [
          1,
          null,
          1,
          1,
          1,
          1,
          1,
          1,
          1,
          1,
          null,
          1,
          0,
          0,
          0,
          null,
          null,
          1,
          0,
          0,
          null,
          0,
          0,
          0,
          null,
          0,
          0,
          0,
          0,
          0,
          0,
          0,
          null,
          null,
          1,
          0,
          null,
          0,
          0,
          null,
          0,
          null,
          null,
          0,
          null,
          null,
          null
        ]
      },
      "/Users/charliepepiteozer/Desktop/Dev/la_boutique_des_nouveaux_designs/spec/models/user_spec.rb": {
        "lines": [
          1,
          null,
          1,
          1,
          3,
          3,
          3,
          3,
          3,
          3,
          3,
          3,
          3,
          3,
          3,
          null,
          null,
          1,
          1,
          1,
          null,
          null,
          null,
          1,
          1,
          1,
          1,
          null,
          null,
          null,
          1,
          1,
          1,
          null,
          null,
          null
        ]
      },
      "/Users/charliepepiteozer/Desktop/Dev/la_boutique_des_nouveaux_designs/spec/requests/errors_request_spec.rb": {
        "lines": [
          1,
          null,
          1,
          null,
          1,
          1,
          1,
          1,
          null,
          null,
          null,
          1,
          1,
          1,
          1,
          null,
          null,
          null,
          null
        ]
      },
      "/Users/charliepepiteozer/Desktop/Dev/la_boutique_des_nouveaux_designs/spec/requests/stripe_spec.rb": {
        "lines": [
          1,
          null,
          1,
          1,
          1,
          1,
          1,
          null,
          null,
          null,
          null
        ]
      },
      "/Users/charliepepiteozer/Desktop/Dev/la_boutique_des_nouveaux_designs/spec/views/errors/internal_server_error.html.erb_spec.rb": {
        "lines": [
          1,
          null,
          1,
          1,
          null
        ]
      },
      "/Users/charliepepiteozer/Desktop/Dev/la_boutique_des_nouveaux_designs/spec/views/errors/not_found.html.erb_spec.rb": {
        "lines": [
          1,
          null,
          1,
          1,
          null
        ]
      },
      "/Users/charliepepiteozer/Desktop/Dev/la_boutique_des_nouveaux_designs/spec/views/stripe/connect.html.erb_spec.rb": {
        "lines": [
          1,
          null,
          1,
          1,
          null
        ]
      },
      "/Users/charliepepiteozer/Desktop/Dev/la_boutique_des_nouveaux_designs/app/controllers/errors_controller.rb": {
        "lines": [
          1,
          1,
          1,
          null,
          null,
          1,
          1,
          null,
          null
        ]
      },
      "/Users/charliepepiteozer/Desktop/Dev/la_boutique_des_nouveaux_designs/app/controllers/application_controller.rb": {
        "lines": [
          1,
          null,
          1,
          null,
          1,
          0,
          0,
          null,
          null,
          1,
          0,
          0,
          0,
          null,
          0,
          null,
          null,
          null
        ]
      },
      "/Users/charliepepiteozer/Desktop/Dev/la_boutique_des_nouveaux_designs/app/controllers/stripe_controller.rb": {
        "lines": [
          1,
          1,
          null,
          1,
          0,
          0,
          0,
          null,
          0,
          0,
          null,
          null,
          null,
          null,
          null,
          0,
          null,
          0,
          0,
          0,
          null,
          0,
          0,
          0,
          0,
          0,
          0,
          0,
          0,
          null,
          0,
          0,
          null,
          0,
          0,
          0,
          null,
          null,
          null,
          null,
          null,
          1,
          null,
          1,
          1,
          1,
          1,
          0,
          0,
          0,
          null,
          null,
          null
        ]
      }
    },
    "timestamp": 1630079666
  }
}
